
> splunk-lite-ui@0.1.0 start
> react-scripts start

(node:31468) [DEP_WEBPACK_DEV_SERVER_ON_AFTER_SETUP_MIDDLEWARE] DeprecationWarning: 'onAfterSetupMiddleware' option is deprecated. Please use the 'setupMiddlewares' option.
(Use `node --trace-deprecation ...` to show where the warning was created)
(node:31468) [DEP_WEBPACK_DEV_SERVER_ON_BEFORE_SETUP_MIDDLEWARE] DeprecationWarning: 'onBeforeSetupMiddleware' option is deprecated. Please use the 'setupMiddlewares' option.
Starting the development server...

Compiled successfully!

You can now view splunk-lite-ui in the browser.

  Local:            http://localhost:3003
  On Your Network:  http://192.168.1.34:3003

Note that the development build is not optimized.
To create a production build, use npm run build.

webpack compiled [1m[32msuccessfully[39m[22m
(node:31468) [DEP0060] DeprecationWarning: The `util._extend` API is deprecated. Please use Object.assign() instead.
Compiling...
Compiled successfully!
webpack compiled [1m[32msuccessfully[39m[22m
Compiling...
Compiled successfully!
webpack compiled [1m[32msuccessfully[39m[22m
Compiling...
Compiled successfully!
webpack compiled [1m[32msuccessfully[39m[22m
Compiling...
Compiled successfully!
webpack compiled [1m[32msuccessfully[39m[22m
Compiling...
Compiled successfully!
webpack compiled [1m[32msuccessfully[39m[22m
Compiling...
Compiled successfully!
webpack compiled [1m[32msuccessfully[39m[22m
Compiling...
Compiled successfully!
webpack compiled [1m[32msuccessfully[39m[22m
Compiling...
Compiled successfully!
webpack compiled [1m[32msuccessfully[39m[22m
Compiling...
Compiled successfully!
webpack compiled [1m[32msuccessfully[39m[22m
Compiling...
Compiled successfully!
webpack compiled [1m[32msuccessfully[39m[22m
Compiling...
Compiled successfully!
webpack compiled [1m[32msuccessfully[39m[22m
Compiling...
Compiled successfully!
webpack compiled [1m[32msuccessfully[39m[22m
Compiling...
Failed to compile.

Module not found: Error: Can't resolve '../styles/auth.css' in 'C:\Users\vaish\OneDrive\Desktop\splunk-lite-sqlite-fts\frontend\src\pages'
[1m[31mERROR[39m[22m in [1m./src/pages/SignupPage.jsx[39m[22m [1m[32m7:0-28[39m[22m
[1mModule [1m[31mnot found[39m[22m[1m: [1m[31mError[39m[22m[1m: Can't resolve '../styles/auth.css' in 'C:\Users\vaish\OneDrive\Desktop\splunk-lite-sqlite-fts\frontend\src\pages'[39m[22m

webpack compiled with [1m[31m1 error[39m[22m
Compiling...
Failed to compile.

Module not found: Error: Can't resolve '../styles/auth.css' in 'C:\Users\vaish\OneDrive\Desktop\splunk-lite-sqlite-fts\frontend\src\pages'
[1m[31mERROR[39m[22m in [1m./src/pages/SigninPage.jsx[39m[22m [1m[32m7:0-28[39m[22m
[1mModule [1m[31mnot found[39m[22m[1m: [1m[31mError[39m[22m[1m: Can't resolve '../styles/auth.css' in 'C:\Users\vaish\OneDrive\Desktop\splunk-lite-sqlite-fts\frontend\src\pages'[39m[22m

[1m[31mERROR[39m[22m in [1m./src/pages/SignupPage.jsx[39m[22m [1m[32m7:0-28[39m[22m
[1mModule [1m[31mnot found[39m[22m[1m: [1m[31mError[39m[22m[1m: Can't resolve '../styles/auth.css' in 'C:\Users\vaish\OneDrive\Desktop\splunk-lite-sqlite-fts\frontend\src\pages'[39m[22m

webpack compiled with [1m[31m2 errors[39m[22m
Compiling...
Failed to compile.

Module not found: Error: Can't resolve '../styles/auth.css' in 'C:\Users\vaish\OneDrive\Desktop\splunk-lite-sqlite-fts\frontend\src\pages'
[1m[31mERROR[39m[22m in [1m./src/pages/SigninPage.jsx[39m[22m [1m[32m7:0-28[39m[22m
[1mModule [1m[31mnot found[39m[22m[1m: [1m[31mError[39m[22m[1m: Can't resolve '../styles/auth.css' in 'C:\Users\vaish\OneDrive\Desktop\splunk-lite-sqlite-fts\frontend\src\pages'[39m[22m

[1m[31mERROR[39m[22m in [1m./src/pages/SignupPage.jsx[39m[22m [1m[32m7:0-28[39m[22m
[1mModule [1m[31mnot found[39m[22m[1m: [1m[31mError[39m[22m[1m: Can't resolve '../styles/auth.css' in 'C:\Users\vaish\OneDrive\Desktop\splunk-lite-sqlite-fts\frontend\src\pages'[39m[22m

webpack compiled with [1m[31m2 errors[39m[22m
Compiling...
Compiled successfully!
webpack compiled [1m[32msuccessfully[39m[22m
Compiling...
Compiled successfully!
webpack compiled [1m[32msuccessfully[39m[22m
Compiling...
Compiled successfully!
webpack compiled [1m[32msuccessfully[39m[22m
Compiling...
Compiled successfully!
webpack compiled [1m[32msuccessfully[39m[22m
Compiling...
Compiled successfully!
webpack compiled [1m[32msuccessfully[39m[22m
Compiling...
Compiled successfully!
webpack compiled [1m[32msuccessfully[39m[22m
Proxy error: Could not proxy request /api/auth/signup from localhost:3003 to http://localhost:8080/.
See https://nodejs.org/api/errors.html#errors_common_system_errors for more information (ECONNREFUSED).

Proxy error: Could not proxy request /api/auth/signup from localhost:3003 to http://localhost:8080/.
See https://nodejs.org/api/errors.html#errors_common_system_errors for more information (ECONNREFUSED).

Proxy error: Could not proxy request /api/auth/signup from localhost:3003 to http://localhost:8080/.
See https://nodejs.org/api/errors.html#errors_common_system_errors for more information (ECONNREFUSED).

Compiling...
Compiled successfully!
webpack compiled [1m[32msuccessfully[39m[22m
Compiling...
Compiled successfully!
webpack compiled [1m[32msuccessfully[39m[22m
Proxy error: Could not proxy request /api/search from localhost:3003 to http://localhost:8080/.
See https://nodejs.org/api/errors.html#errors_common_system_errors for more information (ECONNREFUSED).

Proxy error: Could not proxy request /api/alerts from localhost:3003 to http://localhost:8080/.
See https://nodejs.org/api/errors.html#errors_common_system_errors for more information (ECONNREFUSED).

Proxy error: Could not proxy request /api/search from localhost:3003 to http://localhost:8080/.
See https://nodejs.org/api/errors.html#errors_common_system_errors for more information (ECONNREFUSED).

Compiling...
Compiled successfully!
webpack compiled [1m[32msuccessfully[39m[22m
Proxy error: Could not proxy request /api/auth/signup from localhost:3003 to http://localhost:8080/.
See https://nodejs.org/api/errors.html#errors_common_system_errors for more information (ECONNREFUSED).

Proxy error: Could not proxy request /api/search from localhost:3003 to http://localhost:8080/.
See https://nodejs.org/api/errors.html#errors_common_system_errors for more information (ECONNREFUSED).

Proxy error: Could not proxy request /api/auth/signin from localhost:3003 to http://localhost:8080/.
See https://nodejs.org/api/errors.html#errors_common_system_errors for more information (ECONNREFUSED).

Compiling...
Compiled successfully!
webpack compiled [1m[32msuccessfully[39m[22m
Compiling...
Compiled successfully!
webpack compiled [1m[32msuccessfully[39m[22m
